[0308/182408.045:ERROR:process_reader_win.cc(123)] NtOpenThread: {Access Denied} A process has requested access to an object, but has not been granted those access rights. (0xc0000022)
[0308/182408.047:ERROR:exception_snapshot_win.cc(98)] thread ID 80944 not found in process
[0308/182408.059:ERROR:process_reader_win.cc(123)] NtOpenThread: {Access Denied} A process has requested access to an object, but has not been granted those access rights. (0xc0000022)
[0308/182408.059:ERROR:exception_snapshot_win.cc(98)] thread ID 52484 not found in process
[0308/212140.645:ERROR:process_reader_win.cc(123)] NtOpenThread: {Access Denied} A process has requested access to an object, but has not been granted those access rights. (0xc0000022)
[0308/212140.647:ERROR:exception_snapshot_win.cc(98)] thread ID 105528 not found in process
[0308/212140.662:ERROR:process_reader_win.cc(123)] NtOpenThread: {Access Denied} A process has requested access to an object, but has not been granted those access rights. (0xc0000022)
[0308/212140.662:ERROR:exception_snapshot_win.cc(98)] thread ID 80340 not found in process
[0308/215045.748:ERROR:process_reader_win.cc(123)] NtOpenThread: {Access Denied} A process has requested access to an object, but has not been granted those access rights. (0xc0000022)
[0308/215045.749:ERROR:exception_snapshot_win.cc(98)] thread ID 65676 not found in process
[0308/215045.767:ERROR:process_reader_win.cc(123)] NtOpenThread: {Access Denied} A process has requested access to an object, but has not been granted those access rights. (0xc0000022)
[0308/215045.767:ERROR:exception_snapshot_win.cc(98)] thread ID 85284 not found in process
[0308/215527.305:ERROR:process_reader_win.cc(123)] NtOpenThread: {Access Denied} A process has requested access to an object, but has not been granted those access rights. (0xc0000022)
[0308/215527.306:ERROR:exception_snapshot_win.cc(98)] thread ID 64180 not found in process
[0308/215527.326:ERROR:process_reader_win.cc(123)] NtOpenThread: {Access Denied} A process has requested access to an object, but has not been granted those access rights. (0xc0000022)
[0308/215527.326:ERROR:exception_snapshot_win.cc(98)] thread ID 106936 not found in process
[0308/221402.526:ERROR:process_reader_win.cc(123)] NtOpenThread: {Access Denied} A process has requested access to an object, but has not been granted those access rights. (0xc0000022)
[0308/221402.527:ERROR:exception_snapshot_win.cc(98)] thread ID 112492 not found in process
[0308/221402.552:ERROR:process_reader_win.cc(123)] NtOpenThread: {Access Denied} A process has requested access to an object, but has not been granted those access rights. (0xc0000022)
[0308/221402.552:ERROR:exception_snapshot_win.cc(98)] thread ID 63920 not found in process
[0308/221706.699:ERROR:process_reader_win.cc(123)] NtOpenThread: {Access Denied} A process has requested access to an object, but has not been granted those access rights. (0xc0000022)
[0308/221706.702:ERROR:exception_snapshot_win.cc(98)] thread ID 111412 not found in process
[0308/221706.716:ERROR:process_reader_win.cc(123)] NtOpenThread: {Access Denied} A process has requested access to an object, but has not been granted those access rights. (0xc0000022)
[0308/221706.716:ERROR:exception_snapshot_win.cc(98)] thread ID 107344 not found in process
[0308/222049.646:ERROR:process_reader_win.cc(123)] NtOpenThread: {Access Denied} A process has requested access to an object, but has not been granted those access rights. (0xc0000022)
[0308/222049.648:ERROR:exception_snapshot_win.cc(98)] thread ID 114508 not found in process
[0308/222049.667:ERROR:process_reader_win.cc(123)] NtOpenThread: {Access Denied} A process has requested access to an object, but has not been granted those access rights. (0xc0000022)
[0308/222049.667:ERROR:exception_snapshot_win.cc(98)] thread ID 75116 not found in process
[0308/223148.642:ERROR:process_reader_win.cc(123)] NtOpenThread: {Access Denied} A process has requested access to an object, but has not been granted those access rights. (0xc0000022)
[0308/223148.643:ERROR:exception_snapshot_win.cc(98)] thread ID 49268 not found in process
[0308/223148.662:ERROR:process_reader_win.cc(123)] NtOpenThread: {Access Denied} A process has requested access to an object, but has not been granted those access rights. (0xc0000022)
[0308/223148.662:ERROR:exception_snapshot_win.cc(98)] thread ID 67320 not found in process
[0308/224601.771:ERROR:process_reader_win.cc(123)] NtOpenThread: {Access Denied} A process has requested access to an object, but has not been granted those access rights. (0xc0000022)
[0308/224601.772:ERROR:exception_snapshot_win.cc(98)] thread ID 103228 not found in process
[0308/224601.797:ERROR:process_reader_win.cc(123)] NtOpenThread: {Access Denied} A process has requested access to an object, but has not been granted those access rights. (0xc0000022)
[0308/224601.797:ERROR:exception_snapshot_win.cc(98)] thread ID 91184 not found in process
[0308/224639.460:ERROR:process_reader_win.cc(123)] NtOpenThread: {Access Denied} A process has requested access to an object, but has not been granted those access rights. (0xc0000022)
[0308/224639.461:ERROR:exception_snapshot_win.cc(98)] thread ID 93536 not found in process
[0308/224639.479:ERROR:process_reader_win.cc(123)] NtOpenThread: {Access Denied} A process has requested access to an object, but has not been granted those access rights. (0xc0000022)
[0308/224639.479:ERROR:exception_snapshot_win.cc(98)] thread ID 93324 not found in process
[0308/225303.295:ERROR:process_reader_win.cc(123)] NtOpenThread: {Access Denied} A process has requested access to an object, but has not been granted those access rights. (0xc0000022)
[0308/225303.296:ERROR:exception_snapshot_win.cc(98)] thread ID 63700 not found in process
[0308/225303.317:ERROR:process_reader_win.cc(123)] NtOpenThread: {Access Denied} A process has requested access to an object, but has not been granted those access rights. (0xc0000022)
[0308/225303.317:ERROR:exception_snapshot_win.cc(98)] thread ID 66832 not found in process
[0308/231352.997:ERROR:process_reader_win.cc(123)] NtOpenThread: {Access Denied} A process has requested access to an object, but has not been granted those access rights. (0xc0000022)
[0308/231352.997:ERROR:process_reader_win.cc(123)] NtOpenThread: {Access Denied} A process has requested access to an object, but has not been granted those access rights. (0xc0000022)
[0308/231353.003:ERROR:exception_snapshot_win.cc(98)] thread ID 117656 not found in process
[0308/231353.003:ERROR:exception_snapshot_win.cc(98)] thread ID 83324 not found in process
[0308/231353.025:ERROR:process_reader_win.cc(123)] NtOpenThread: {Access Denied} A process has requested access to an object, but has not been granted those access rights. (0xc0000022)
[0308/231353.025:ERROR:exception_snapshot_win.cc(98)] thread ID 74576 not found in process
[0308/231616.690:ERROR:process_reader_win.cc(123)] NtOpenThread: {Access Denied} A process has requested access to an object, but has not been granted those access rights. (0xc0000022)
[0308/231616.691:ERROR:exception_snapshot_win.cc(98)] thread ID 99996 not found in process
[0308/231616.709:ERROR:process_reader_win.cc(123)] NtOpenThread: {Access Denied} A process has requested access to an object, but has not been granted those access rights. (0xc0000022)
[0308/231616.709:ERROR:exception_snapshot_win.cc(98)] thread ID 109468 not found in process
[0308/232043.209:ERROR:process_reader_win.cc(123)] NtOpenThread: {Access Denied} A process has requested access to an object, but has not been granted those access rights. (0xc0000022)
[0308/232043.211:ERROR:exception_snapshot_win.cc(98)] thread ID 110196 not found in process
[0308/232043.234:ERROR:process_reader_win.cc(123)] NtOpenThread: {Access Denied} A process has requested access to an object, but has not been granted those access rights. (0xc0000022)
[0308/232043.234:ERROR:exception_snapshot_win.cc(98)] thread ID 117336 not found in process
[0308/233223.902:ERROR:process_reader_win.cc(123)] NtOpenThread: {Access Denied} A process has requested access to an object, but has not been granted those access rights. (0xc0000022)
[0308/233223.903:ERROR:exception_snapshot_win.cc(98)] thread ID 63820 not found in process
[0308/233223.926:ERROR:process_reader_win.cc(123)] NtOpenThread: {Access Denied} A process has requested access to an object, but has not been granted those access rights. (0xc0000022)
[0308/233223.926:ERROR:exception_snapshot_win.cc(98)] thread ID 114236 not found in process
[0308/233348.304:ERROR:process_reader_win.cc(123)] NtOpenThread: {Access Denied} A process has requested access to an object, but has not been granted those access rights. (0xc0000022)
[0308/233348.305:ERROR:exception_snapshot_win.cc(98)] thread ID 91256 not found in process
[0308/233348.308:ERROR:process_reader_win.cc(123)] NtOpenThread: {Access Denied} A process has requested access to an object, but has not been granted those access rights. (0xc0000022)
[0308/233348.309:ERROR:exception_snapshot_win.cc(98)] thread ID 55152 not found in process
[0308/233348.331:ERROR:process_reader_win.cc(123)] NtOpenThread: {Access Denied} A process has requested access to an object, but has not been granted those access rights. (0xc0000022)
[0308/233348.331:ERROR:process_reader_win.cc(123)] NtOpenThread: {Access Denied} A process has requested access to an object, but has not been granted those access rights. (0xc0000022)
[0308/233348.331:ERROR:exception_snapshot_win.cc(98)] thread ID 94408 not found in process
[0308/233348.331:ERROR:exception_snapshot_win.cc(98)] thread ID 68168 not found in process
[0308/233454.163:ERROR:process_reader_win.cc(123)] NtOpenThread: {Access Denied} A process has requested access to an object, but has not been granted those access rights. (0xc0000022)
[0308/233454.164:ERROR:exception_snapshot_win.cc(98)] thread ID 70620 not found in process
[0308/233454.165:ERROR:process_reader_win.cc(123)] NtOpenThread: {Access Denied} A process has requested access to an object, but has not been granted those access rights. (0xc0000022)
[0308/233454.165:ERROR:exception_snapshot_win.cc(98)] thread ID 83100 not found in process
[0308/233454.177:ERROR:process_reader_win.cc(123)] NtOpenThread: {Access Denied} A process has requested access to an object, but has not been granted those access rights. (0xc0000022)
[0308/233454.178:ERROR:exception_snapshot_win.cc(98)] thread ID 118388 not found in process
[0308/235140.716:ERROR:process_reader_win.cc(123)] NtOpenThread: {Access Denied} A process has requested access to an object, but has not been granted those access rights. (0xc0000022)
[0308/235140.716:ERROR:process_reader_win.cc(123)] NtOpenThread: {Access Denied} A process has requested access to an object, but has not been granted those access rights. (0xc0000022)
[0308/235140.718:ERROR:exception_snapshot_win.cc(98)] thread ID 73508 not found in process
[0308/235140.718:ERROR:exception_snapshot_win.cc(98)] thread ID 106480 not found in process
[0308/235140.738:ERROR:process_reader_win.cc(123)] NtOpenThread: {Access Denied} A process has requested access to an object, but has not been granted those access rights. (0xc0000022)
[0308/235140.739:ERROR:exception_snapshot_win.cc(98)] thread ID 85368 not found in process
[0308/235315.527:ERROR:process_reader_win.cc(123)] NtOpenThread: {Access Denied} A process has requested access to an object, but has not been granted those access rights. (0xc0000022)
[0308/235315.527:ERROR:process_reader_win.cc(123)] NtOpenThread: {Access Denied} A process has requested access to an object, but has not been granted those access rights. (0xc0000022)
[0308/235315.529:ERROR:exception_snapshot_win.cc(98)] thread ID 112720 not found in process
[0308/235315.529:ERROR:exception_snapshot_win.cc(98)] thread ID 115688 not found in process
[0308/235315.541:ERROR:process_reader_win.cc(123)] NtOpenThread: {Access Denied} A process has requested access to an object, but has not been granted those access rights. (0xc0000022)
[0308/235315.541:ERROR:exception_snapshot_win.cc(98)] thread ID 109480 not found in process
[0308/235722.031:ERROR:process_reader_win.cc(123)] NtOpenThread: {Access Denied} A process has requested access to an object, but has not been granted those access rights. (0xc0000022)
[0308/235722.032:ERROR:exception_snapshot_win.cc(98)] thread ID 109124 not found in process
[0308/235722.045:ERROR:process_reader_win.cc(123)] NtOpenThread: {Access Denied} A process has requested access to an object, but has not been granted those access rights. (0xc0000022)
[0308/235722.045:ERROR:exception_snapshot_win.cc(98)] thread ID 110416 not found in process
[0309/000056.717:ERROR:process_reader_win.cc(123)] NtOpenThread: {Access Denied} A process has requested access to an object, but has not been granted those access rights. (0xc0000022)
[0309/000056.719:ERROR:exception_snapshot_win.cc(98)] thread ID 55972 not found in process
[0309/000056.746:ERROR:process_reader_win.cc(123)] NtOpenThread: {Access Denied} A process has requested access to an object, but has not been granted those access rights. (0xc0000022)
[0309/000056.747:ERROR:exception_snapshot_win.cc(98)] thread ID 81120 not found in process
[0309/030546.736:ERROR:process_reader_win.cc(123)] NtOpenThread: {Access Denied} A process has requested access to an object, but has not been granted those access rights. (0xc0000022)
[0309/030546.740:ERROR:exception_snapshot_win.cc(98)] thread ID 84076 not found in process
[0309/030546.751:ERROR:process_reader_win.cc(123)] NtOpenThread: {Access Denied} A process has requested access to an object, but has not been granted those access rights. (0xc0000022)
[0309/030546.751:ERROR:exception_snapshot_win.cc(98)] thread ID 98220 not found in process
[0309/032542.614:ERROR:process_reader_win.cc(123)] NtOpenThread: {Access Denied} A process has requested access to an object, but has not been granted those access rights. (0xc0000022)
[0309/032542.614:ERROR:process_reader_win.cc(123)] NtOpenThread: {Access Denied} A process has requested access to an object, but has not been granted those access rights. (0xc0000022)
[0309/032542.619:ERROR:exception_snapshot_win.cc(98)] thread ID 90144 not found in process
[0309/032542.619:ERROR:exception_snapshot_win.cc(98)] thread ID 95824 not found in process
[0309/032542.630:ERROR:process_reader_win.cc(123)] NtOpenThread: {Access Denied} A process has requested access to an object, but has not been granted those access rights. (0xc0000022)
[0309/032542.630:ERROR:exception_snapshot_win.cc(98)] thread ID 110284 not found in process
[0309/034155.660:ERROR:process_reader_win.cc(123)] NtOpenThread: {Access Denied} A process has requested access to an object, but has not been granted those access rights. (0xc0000022)
[0309/034155.661:ERROR:exception_snapshot_win.cc(98)] thread ID 86220 not found in process
[0309/034155.685:ERROR:process_reader_win.cc(123)] NtOpenThread: {Access Denied} A process has requested access to an object, but has not been granted those access rights. (0xc0000022)
[0309/034155.685:ERROR:exception_snapshot_win.cc(98)] thread ID 86976 not found in process
[0309/034554.323:ERROR:process_reader_win.cc(123)] NtOpenThread: {Access Denied} A process has requested access to an object, but has not been granted those access rights. (0xc0000022)
[0309/034554.324:ERROR:exception_snapshot_win.cc(98)] thread ID 89116 not found in process
[0309/034554.337:ERROR:process_reader_win.cc(123)] NtOpenThread: {Access Denied} A process has requested access to an object, but has not been granted those access rights. (0xc0000022)
[0309/034554.337:ERROR:exception_snapshot_win.cc(98)] thread ID 91116 not found in process
[0309/042804.164:ERROR:process_reader_win.cc(123)] NtOpenThread: {Access Denied} A process has requested access to an object, but has not been granted those access rights. (0xc0000022)
[0309/042804.168:ERROR:exception_snapshot_win.cc(98)] thread ID 108648 not found in process
[0309/042804.178:ERROR:process_reader_win.cc(123)] NtOpenThread: {Access Denied} A process has requested access to an object, but has not been granted those access rights. (0xc0000022)
[0309/042804.178:ERROR:exception_snapshot_win.cc(98)] thread ID 89000 not found in process
[0309/043253.346:ERROR:process_reader_win.cc(123)] NtOpenThread: {Access Denied} A process has requested access to an object, but has not been granted those access rights. (0xc0000022)
[0309/043253.347:ERROR:exception_snapshot_win.cc(98)] thread ID 68720 not found in process
[0309/043253.360:ERROR:process_reader_win.cc(123)] NtOpenThread: {Access Denied} A process has requested access to an object, but has not been granted those access rights. (0xc0000022)
[0309/043253.360:ERROR:exception_snapshot_win.cc(98)] thread ID 117840 not found in process
[0309/044117.589:ERROR:process_reader_win.cc(123)] NtOpenThread: {Access Denied} A process has requested access to an object, but has not been granted those access rights. (0xc0000022)
[0309/044117.592:ERROR:exception_snapshot_win.cc(98)] thread ID 63428 not found in process
[0309/044117.600:ERROR:process_reader_win.cc(123)] NtOpenThread: {Access Denied} A process has requested access to an object, but has not been granted those access rights. (0xc0000022)
[0309/044117.600:ERROR:exception_snapshot_win.cc(98)] thread ID 53108 not found in process
[0311/122705.139:ERROR:process_reader_win.cc(123)] NtOpenThread: {Access Denied} A process has requested access to an object, but has not been granted those access rights. (0xc0000022)
[0311/122705.142:ERROR:exception_snapshot_win.cc(98)] thread ID 7408 not found in process
[0311/122705.161:ERROR:process_reader_win.cc(123)] NtOpenThread: {Access Denied} A process has requested access to an object, but has not been granted those access rights. (0xc0000022)
[0311/122705.161:ERROR:exception_snapshot_win.cc(98)] thread ID 15180 not found in process
[0311/123830.870:ERROR:process_reader_win.cc(123)] NtOpenThread: {Access Denied} A process has requested access to an object, but has not been granted those access rights. (0xc0000022)
[0311/123830.871:ERROR:exception_snapshot_win.cc(98)] thread ID 22936 not found in process
[0311/123830.886:ERROR:process_reader_win.cc(123)] NtOpenThread: {Access Denied} A process has requested access to an object, but has not been granted those access rights. (0xc0000022)
[0311/123830.886:ERROR:exception_snapshot_win.cc(98)] thread ID 15244 not found in process
[0311/124311.637:ERROR:process_reader_win.cc(123)] NtOpenThread: {Access Denied} A process has requested access to an object, but has not been granted those access rights. (0xc0000022)
[0311/124311.639:ERROR:exception_snapshot_win.cc(98)] thread ID 692 not found in process
[0311/124311.652:ERROR:process_reader_win.cc(123)] NtOpenThread: {Access Denied} A process has requested access to an object, but has not been granted those access rights. (0xc0000022)
[0311/124311.653:ERROR:exception_snapshot_win.cc(98)] thread ID 5956 not found in process
[0311/124532.931:ERROR:process_reader_win.cc(123)] NtOpenThread: {Access Denied} A process has requested access to an object, but has not been granted those access rights. (0xc0000022)
[0311/124532.932:ERROR:exception_snapshot_win.cc(98)] thread ID 14984 not found in process
[0311/124532.934:ERROR:process_reader_win.cc(123)] NtOpenThread: {Access Denied} A process has requested access to an object, but has not been granted those access rights. (0xc0000022)
[0311/124532.934:ERROR:exception_snapshot_win.cc(98)] thread ID 20904 not found in process
[0311/124532.947:ERROR:process_reader_win.cc(123)] NtOpenThread: {Access Denied} A process has requested access to an object, but has not been granted those access rights. (0xc0000022)
[0311/124532.947:ERROR:exception_snapshot_win.cc(98)] thread ID 22752 not found in process
[0311/124632.937:ERROR:process_reader_win.cc(123)] NtOpenThread: {Access Denied} A process has requested access to an object, but has not been granted those access rights. (0xc0000022)
[0311/124632.939:ERROR:process_reader_win.cc(123)] NtOpenThread: {Access Denied} A process has requested access to an object, but has not been granted those access rights. (0xc0000022)
[0311/124632.941:ERROR:exception_snapshot_win.cc(98)] thread ID 26856 not found in process
[0311/124632.963:ERROR:process_reader_win.cc(123)] NtOpenThread: {Access Denied} A process has requested access to an object, but has not been granted those access rights. (0xc0000022)
[0311/124632.963:ERROR:exception_snapshot_win.cc(98)] thread ID 13596 not found in process
[0311/124917.672:ERROR:process_reader_win.cc(123)] NtOpenThread: {Access Denied} A process has requested access to an object, but has not been granted those access rights. (0xc0000022)
[0311/124917.674:ERROR:exception_snapshot_win.cc(98)] thread ID 26548 not found in process
[0311/124917.690:ERROR:process_reader_win.cc(123)] NtOpenThread: {Access Denied} A process has requested access to an object, but has not been granted those access rights. (0xc0000022)
[0311/124917.690:ERROR:exception_snapshot_win.cc(98)] thread ID 13592 not found in process
[0311/125128.743:ERROR:process_reader_win.cc(123)] NtOpenThread: {Access Denied} A process has requested access to an object, but has not been granted those access rights. (0xc0000022)
[0311/125128.744:ERROR:exception_snapshot_win.cc(98)] thread ID 25560 not found in process
[0311/125128.771:ERROR:process_reader_win.cc(123)] NtOpenThread: {Access Denied} A process has requested access to an object, but has not been granted those access rights. (0xc0000022)
[0311/125128.771:ERROR:exception_snapshot_win.cc(98)] thread ID 25520 not found in process
[0312/054903.730:ERROR:process_reader_win.cc(123)] NtOpenThread: {Access Denied} A process has requested access to an object, but has not been granted those access rights. (0xc0000022)
[0312/054903.733:ERROR:exception_snapshot_win.cc(98)] thread ID 25428 not found in process
[0312/054903.747:ERROR:process_reader_win.cc(123)] NtOpenThread: {Access Denied} A process has requested access to an object, but has not been granted those access rights. (0xc0000022)
[0312/054903.747:ERROR:exception_snapshot_win.cc(98)] thread ID 24216 not found in process
[0312/100601.136:ERROR:process_reader_win.cc(123)] NtOpenThread: {Access Denied} A process has requested access to an object, but has not been granted those access rights. (0xc0000022)
[0312/100601.138:ERROR:exception_snapshot_win.cc(98)] thread ID 9080 not found in process
[0312/100601.154:ERROR:process_reader_win.cc(123)] NtOpenThread: {Access Denied} A process has requested access to an object, but has not been granted those access rights. (0xc0000022)
[0312/100601.154:ERROR:exception_snapshot_win.cc(98)] thread ID 12392 not found in process
[0312/104426.300:ERROR:process_reader_win.cc(123)] NtOpenThread: {Access Denied} A process has requested access to an object, but has not been granted those access rights. (0xc0000022)
[0312/104426.303:ERROR:exception_snapshot_win.cc(98)] thread ID 5820 not found in process
[0312/104426.323:ERROR:process_reader_win.cc(123)] NtOpenThread: {Access Denied} A process has requested access to an object, but has not been granted those access rights. (0xc0000022)
[0312/104426.323:ERROR:exception_snapshot_win.cc(98)] thread ID 6060 not found in process
[0312/105206.673:ERROR:process_reader_win.cc(123)] NtOpenThread: {Access Denied} A process has requested access to an object, but has not been granted those access rights. (0xc0000022)
[0312/105206.675:ERROR:exception_snapshot_win.cc(98)] thread ID 22100 not found in process
[0312/105206.692:ERROR:process_reader_win.cc(123)] NtOpenThread: {Access Denied} A process has requested access to an object, but has not been granted those access rights. (0xc0000022)
[0312/105206.692:ERROR:exception_snapshot_win.cc(98)] thread ID 6840 not found in process
[0312/110252.050:ERROR:process_reader_win.cc(123)] NtOpenThread: {Access Denied} A process has requested access to an object, but has not been granted those access rights. (0xc0000022)
[0312/110252.051:ERROR:exception_snapshot_win.cc(98)] thread ID 15676 not found in process
[0312/110252.065:ERROR:process_reader_win.cc(123)] NtOpenThread: {Access Denied} A process has requested access to an object, but has not been granted those access rights. (0xc0000022)
[0312/110252.066:ERROR:exception_snapshot_win.cc(98)] thread ID 22744 not found in process
[0312/110419.858:ERROR:process_reader_win.cc(123)] NtOpenThread: {Access Denied} A process has requested access to an object, but has not been granted those access rights. (0xc0000022)
[0312/110419.860:ERROR:exception_snapshot_win.cc(98)] thread ID 15472 not found in process
[0312/110419.888:ERROR:process_reader_win.cc(123)] NtOpenThread: {Access Denied} A process has requested access to an object, but has not been granted those access rights. (0xc0000022)
[0312/110419.888:ERROR:exception_snapshot_win.cc(98)] thread ID 5884 not found in process
[0312/114428.766:ERROR:process_reader_win.cc(123)] NtOpenThread: {Access Denied} A process has requested access to an object, but has not been granted those access rights. (0xc0000022)
[0312/114428.770:ERROR:exception_snapshot_win.cc(98)] thread ID 3968 not found in process
[0312/114428.778:ERROR:process_reader_win.cc(123)] NtOpenThread: {Access Denied} A process has requested access to an object, but has not been granted those access rights. (0xc0000022)
[0312/114428.778:ERROR:exception_snapshot_win.cc(98)] thread ID 12620 not found in process
[0315/072741.152:ERROR:process_reader_win.cc(123)] NtOpenThread: {Access Denied} A process has requested access to an object, but has not been granted those access rights. (0xc0000022)
[0315/072741.154:ERROR:exception_snapshot_win.cc(98)] thread ID 22128 not found in process
[0315/072741.163:ERROR:process_reader_win.cc(123)] NtOpenThread: {Access Denied} A process has requested access to an object, but has not been granted those access rights. (0xc0000022)
[0315/072741.163:ERROR:exception_snapshot_win.cc(98)] thread ID 22368 not found in process
[0316/071917.015:ERROR:process_reader_win.cc(123)] NtOpenThread: {Access Denied} A process has requested access to an object, but has not been granted those access rights. (0xc0000022)
[0316/071917.019:ERROR:exception_snapshot_win.cc(98)] thread ID 6252 not found in process
[0316/071917.032:ERROR:process_reader_win.cc(123)] NtOpenThread: {Access Denied} A process has requested access to an object, but has not been granted those access rights. (0xc0000022)
[0316/071917.032:ERROR:exception_snapshot_win.cc(98)] thread ID 7896 not found in process
[0329/153632.537:ERROR:process_reader_win.cc(123)] NtOpenThread: {Access Denied} A process has requested access to an object, but has not been granted those access rights. (0xc0000022)
[0329/153632.540:ERROR:exception_snapshot_win.cc(98)] thread ID 12208 not found in process
[0329/153632.554:ERROR:process_reader_win.cc(123)] NtOpenThread: {Access Denied} A process has requested access to an object, but has not been granted those access rights. (0xc0000022)
[0329/153632.554:ERROR:exception_snapshot_win.cc(98)] thread ID 23752 not found in process
[0329/165714.815:ERROR:process_reader_win.cc(123)] NtOpenThread: {Access Denied} A process has requested access to an object, but has not been granted those access rights. (0xc0000022)
[0329/165714.820:ERROR:exception_snapshot_win.cc(98)] thread ID 22648 not found in process
[0329/165714.826:ERROR:process_reader_win.cc(123)] NtOpenThread: {Access Denied} A process has requested access to an object, but has not been granted those access rights. (0xc0000022)
[0329/165714.826:ERROR:exception_snapshot_win.cc(98)] thread ID 27668 not found in process
[0330/143916.170:ERROR:process_reader_win.cc(123)] NtOpenThread: {Access Denied} A process has requested access to an object, but has not been granted those access rights. (0xc0000022)
[0330/143916.175:ERROR:exception_snapshot_win.cc(98)] thread ID 40204 not found in process
[0330/143916.261:ERROR:process_reader_win.cc(123)] NtOpenThread: {Access Denied} A process has requested access to an object, but has not been granted those access rights. (0xc0000022)
[0330/143916.261:ERROR:exception_snapshot_win.cc(98)] thread ID 40516 not found in process
[0330/143916.276:ERROR:process_info.cc(329)] VirtualQueryEx: Access is denied. (0x5)
[0330/143916.276:ERROR:process_info.cc(556)] ReadMemoryInfo failed
[0330/143916.276:ERROR:scoped_process_suspend.cc(40)] NtResumeProcess: An attempt was made to access an exiting process. (0xc000010a)
[0330/151227.287:ERROR:process_reader_win.cc(123)] NtOpenThread: {Access Denied} A process has requested access to an object, but has not been granted those access rights. (0xc0000022)
[0330/151227.288:ERROR:exception_snapshot_win.cc(98)] thread ID 33780 not found in process
[0330/151227.304:ERROR:process_reader_win.cc(123)] NtOpenThread: {Access Denied} A process has requested access to an object, but has not been granted those access rights. (0xc0000022)
[0330/151227.304:ERROR:exception_snapshot_win.cc(98)] thread ID 40264 not found in process
[0330/175310.980:ERROR:process_reader_win.cc(123)] NtOpenThread: {Access Denied} A process has requested access to an object, but has not been granted those access rights. (0xc0000022)
[0330/175310.982:ERROR:exception_snapshot_win.cc(98)] thread ID 36376 not found in process
[0330/175311.007:ERROR:process_reader_win.cc(123)] NtOpenThread: {Access Denied} A process has requested access to an object, but has not been granted those access rights. (0xc0000022)
[0330/175311.007:ERROR:exception_snapshot_win.cc(98)] thread ID 40440 not found in process
[0330/195710.600:ERROR:process_reader_win.cc(123)] NtOpenThread: {Access Denied} A process has requested access to an object, but has not been granted those access rights. (0xc0000022)
[0330/195710.602:ERROR:exception_snapshot_win.cc(98)] thread ID 25672 not found in process
[0330/195710.620:ERROR:process_reader_win.cc(123)] NtOpenThread: {Access Denied} A process has requested access to an object, but has not been granted those access rights. (0xc0000022)
[0330/195710.620:ERROR:exception_snapshot_win.cc(98)] thread ID 42864 not found in process
[0330/231711.993:ERROR:process_reader_win.cc(123)] NtOpenThread: {Access Denied} A process has requested access to an object, but has not been granted those access rights. (0xc0000022)
[0330/231711.996:ERROR:exception_snapshot_win.cc(98)] thread ID 35584 not found in process
[0330/231712.014:ERROR:process_reader_win.cc(123)] NtOpenThread: {Access Denied} A process has requested access to an object, but has not been granted those access rights. (0xc0000022)
[0330/231712.014:ERROR:exception_snapshot_win.cc(98)] thread ID 44072 not found in process
[0716/130205.656:ERROR:process_reader_win.cc(123)] NtOpenThread: {Access Denied} A process has requested access to an object, but has not been granted those access rights. (0xc0000022)
[0716/130205.657:ERROR:exception_snapshot_win.cc(98)] thread ID 14780 not found in process
[0716/130205.677:ERROR:process_reader_win.cc(123)] NtOpenThread: {Access Denied} A process has requested access to an object, but has not been granted those access rights. (0xc0000022)
[0716/130205.677:ERROR:exception_snapshot_win.cc(98)] thread ID 18084 not found in process
